[debug] [2022-05-19T15:38:01.892Z] ----------------------------------------------------------------------
[debug] [2022-05-19T15:38:01.894Z] Command:       C:\Program Files\nodejs\node.exe C:\Users\SHAMIM BHUIYAN\AppData\Roaming\npm\node_modules\firebase-tools\lib\bin\firebase.js init
[debug] [2022-05-19T15:38:01.894Z] CLI Version:   10.9.2
[debug] [2022-05-19T15:38:01.894Z] Platform:      win32
[debug] [2022-05-19T15:38:01.895Z] Node Version:  v16.13.1
[debug] [2022-05-19T15:38:01.895Z] Time:          Thu May 19 2022 21:38:01 GMT+0600 (Bangladesh Standard Time)
[debug] [2022-05-19T15:38:01.896Z] ----------------------------------------------------------------------
[debug] 
[debug] [2022-05-19T15:38:01.899Z] >>> [apiv2][query] GET https://firebase-public.firebaseio.com/cli.json [none]
[debug] [2022-05-19T15:38:01.920Z] > command requires scopes: ["email","openid","https://www.googleapis.com/auth/cloudplatformprojects.readonly","https://www.googleapis.com/auth/firebase","https://www.googleapis.com/auth/cloud-platform"]
[debug] [2022-05-19T15:38:01.920Z] > authorizing via signed-in user (lakathasan1995@gmail.com)
[info] 
     ######## #### ########  ######## ########     ###     ######  ########
     ##        ##  ##     ## ##       ##     ##  ##   ##  ##       ##
     ######    ##  ########  ######   ########  #########  ######  ######
     ##        ##  ##    ##  ##       ##     ## ##     ##       ## ##
     ##       #### ##     ## ######## ########  ##     ##  ######  ########

You're about to initialize a Firebase project in this directory:

  C:\projects\online-camera-warehouse-client

Before we get started, keep in mind:

  * You are currently outside your home directory

[debug] [2022-05-19T15:38:03.711Z] <<< [apiv2][status] GET https://firebase-public.firebaseio.com/cli.json 200
[debug] [2022-05-19T15:38:03.712Z] <<< [apiv2][body] GET https://firebase-public.firebaseio.com/cli.json {"cloudBuildErrorAfter":1594252800000,"cloudBuildWarnAfter":1590019200000,"defaultNode10After":1594252800000,"minVersion":"3.0.5","node8DeploysDisabledAfter":1613390400000,"node8RuntimeDisabledAfter":1615809600000,"node8WarnAfter":1600128000000}
